<?xml version="1.0" encoding="UTF-8"?>
<!-- Generated by org.testng.reporters.JUnitXMLReporter -->
<testsuite ignored="0" hostname="DESKTOP-QBLRO6P" failures="0" tests="6" name="Run on Firefox" time="8.206" errors="0" timestamp="23 Aug 2024 02:47:36 GMT">
  <testcase classname="nopcommerce.account.Register_4_Page_Manager_1" name="Register_01_Empty_Data" time="0.542"/>
  <testcase classname="nopcommerce.account.Register_4_Page_Manager_1" name="Register_02_Invalid_Email" time="0.708"/>
  <testcase classname="nopcommerce.account.Register_4_Page_Manager_1" name="Register_03_Invalid_Password" time="1.19"/>
  <testcase classname="nopcommerce.account.Register_4_Page_Manager_1" name="Register_04_Incorrect_confirm_password" time="1.175"/>
  <testcase classname="nopcommerce.account.Register_4_Page_Manager_1" name="Register_05_Succesfull" time="0.602"/>
  <testcase classname="nopcommerce.account.Register_4_Page_Manager_1" name="switchPage" time="0.35"/>
</testsuite> <!-- Run on Firefox -->
