<?xml version="1.0" encoding="UTF-8"?>
<testng-results ignored="0" total="6" passed="6" failed="0" skipped="0">
  <reporter-output>
  </reporter-output>
  <suite started-at="2024-08-23T02:47:27Z" name="Nopcommerce" finished-at="2024-08-23T02:47:36Z" duration-ms="8206">
    <groups>
    </groups>
    <test started-at="2024-08-23T02:47:27Z" name="Run on Firefox" finished-at="2024-08-23T02:47:36Z" duration-ms="8206">
      <class name="nopcommerce.account.Register_4_Page_Manager_1">
        <test-method is-config="true" signature="beforeClass(java.lang.String)[pri:0, instance:nopcommerce.account.Register_4_Page_Manager_1@5c671d7f]" started-at="2024-08-23T02:47:27Z" name="beforeClass" finished-at="2024-08-23T02:47:30Z" duration-ms="2986" status="PASS">
          <params>
            <param index="0">
              <value>
                <![CDATA[firefox]]>
              </value>
            </param>
          </params>
          <reporter-output>
          </reporter-output>
        </test-method> <!-- beforeClass -->
        <test-method signature="Register_01_Empty_Data()[pri:0, instance:nopcommerce.account.Register_4_Page_Manager_1@5c671d7f]" started-at="2024-08-23T02:47:30Z" name="Register_01_Empty_Data" finished-at="2024-08-23T02:47:31Z" duration-ms="542" status="PASS">
          <reporter-output>
          </reporter-output>
        </test-method> <!-- Register_01_Empty_Data -->
        <test-method signature="Register_02_Invalid_Email()[pri:0, instance:nopcommerce.account.Register_4_Page_Manager_1@5c671d7f]" started-at="2024-08-23T02:47:31Z" name="Register_02_Invalid_Email" finished-at="2024-08-23T02:47:32Z" duration-ms="708" status="PASS">
          <reporter-output>
          </reporter-output>
        </test-method> <!-- Register_02_Invalid_Email -->
        <test-method signature="Register_03_Invalid_Password()[pri:0, instance:nopcommerce.account.Register_4_Page_Manager_1@5c671d7f]" started-at="2024-08-23T02:47:32Z" name="Register_03_Invalid_Password" finished-at="2024-08-23T02:47:33Z" duration-ms="1190" status="PASS">
          <reporter-output>
          </reporter-output>
        </test-method> <!-- Register_03_Invalid_Password -->
        <test-method signature="Register_04_Incorrect_confirm_password()[pri:0, instance:nopcommerce.account.Register_4_Page_Manager_1@5c671d7f]" started-at="2024-08-23T02:47:33Z" name="Register_04_Incorrect_confirm_password" finished-at="2024-08-23T02:47:34Z" duration-ms="1175" status="PASS">
          <reporter-output>
          </reporter-output>
        </test-method> <!-- Register_04_Incorrect_confirm_password -->
        <test-method signature="Register_05_Succesfull()[pri:0, instance:nopcommerce.account.Register_4_Page_Manager_1@5c671d7f]" started-at="2024-08-23T02:47:34Z" name="Register_05_Succesfull" finished-at="2024-08-23T02:47:35Z" duration-ms="602" status="PASS">
          <reporter-output>
          </reporter-output>
        </test-method> <!-- Register_05_Succesfull -->
        <test-method signature="switchPage()[pri:0, instance:nopcommerce.account.Register_4_Page_Manager_1@5c671d7f]" started-at="2024-08-23T02:47:35Z" name="switchPage" finished-at="2024-08-23T02:47:35Z" duration-ms="350" status="PASS">
          <reporter-output>
          </reporter-output>
        </test-method> <!-- switchPage -->
        <test-method is-config="true" signature="afterClass()[pri:0, instance:nopcommerce.account.Register_4_Page_Manager_1@5c671d7f]" started-at="2024-08-23T02:47:35Z" name="afterClass" finished-at="2024-08-23T02:47:36Z" duration-ms="639" status="PASS">
          <reporter-output>
          </reporter-output>
        </test-method> <!-- afterClass -->
      </class> <!-- nopcommerce.account.Register_4_Page_Manager_1 -->
    </test> <!-- Run on Firefox -->
  </suite> <!-- Nopcommerce -->
</testng-results>
