<?xml version="1.0" encoding="UTF-8"?>
<testng-results ignored="0" total="5" passed="5" failed="0" skipped="0">
  <reporter-output>
  </reporter-output>
  <suite started-at="2024-08-07T04:53:47Z" name="Nopcommerce" finished-at="2024-08-07T04:53:47Z" duration-ms="22">
    <groups>
    </groups>
    <test started-at="2024-08-07T04:53:47Z" name="Run on Firefox" finished-at="2024-08-07T04:53:47Z" duration-ms="22">
      <class name="nopcommerce.account.Account_01_Register">
        <test-method is-config="true" signature="beforeClass()[pri:0, instance:nopcommerce.account.Account_01_Register@2002fc1d]" started-at="2024-08-07T04:53:47Z" name="beforeClass" finished-at="2024-08-07T04:53:47Z" duration-ms="5" status="PASS">
          <reporter-output>
          </reporter-output>
        </test-method> <!-- beforeClass -->
        <test-method signature="Register_01_Empty_Data()[pri:0, instance:nopcommerce.account.Account_01_Register@2002fc1d]" started-at="2024-08-07T04:53:47Z" name="Register_01_Empty_Data" finished-at="2024-08-07T04:53:47Z" duration-ms="3" status="PASS">
          <reporter-output>
          </reporter-output>
        </test-method> <!-- Register_01_Empty_Data -->
        <test-method signature="Register_02_Invalid_Email()[pri:0, instance:nopcommerce.account.Account_01_Register@2002fc1d]" started-at="2024-08-07T04:53:47Z" name="Register_02_Invalid_Email" finished-at="2024-08-07T04:53:47Z" duration-ms="0" status="PASS">
          <reporter-output>
          </reporter-output>
        </test-method> <!-- Register_02_Invalid_Email -->
        <test-method signature="Register_03_Invalid_Password()[pri:0, instance:nopcommerce.account.Account_01_Register@2002fc1d]" started-at="2024-08-07T04:53:47Z" name="Register_03_Invalid_Password" finished-at="2024-08-07T04:53:47Z" duration-ms="1" status="PASS">
          <reporter-output>
          </reporter-output>
        </test-method> <!-- Register_03_Invalid_Password -->
        <test-method signature="Register_04_Incorrect_confirm_password()[pri:0, instance:nopcommerce.account.Account_01_Register@2002fc1d]" started-at="2024-08-07T04:53:47Z" name="Register_04_Incorrect_confirm_password" finished-at="2024-08-07T04:53:47Z" duration-ms="1" status="PASS">
          <reporter-output>
          </reporter-output>
        </test-method> <!-- Register_04_Incorrect_confirm_password -->
        <test-method signature="Register_05_Succesfull()[pri:0, instance:nopcommerce.account.Account_01_Register@2002fc1d]" started-at="2024-08-07T04:53:47Z" name="Register_05_Succesfull" finished-at="2024-08-07T04:53:47Z" duration-ms="1" status="PASS">
          <reporter-output>
          </reporter-output>
        </test-method> <!-- Register_05_Succesfull -->
        <test-method is-config="true" signature="afterClass()[pri:0, instance:nopcommerce.account.Account_01_Register@2002fc1d]" started-at="2024-08-07T04:53:47Z" name="afterClass" finished-at="2024-08-07T04:53:47Z" duration-ms="0" status="PASS">
          <reporter-output>
          </reporter-output>
        </test-method> <!-- afterClass -->
      </class> <!-- nopcommerce.account.Account_01_Register -->
    </test> <!-- Run on Firefox -->
  </suite> <!-- Nopcommerce -->
</testng-results>
